unityLibrary/build/intermediates/manifest_merge_blame_file/debug/manifest-merger-blame-debug-report.txt
1<?xml version="1.0" encoding="utf-8"?>
2<!-- GENERATED BY UNITY. REMOVE THIS COMMENT TO PREVENT OVERWRITING WHEN EXPORTING AGAIN -->
3<manifest xmlns:android="http://schemas.android.com/apk/res/android"
4    xmlns:tools="http://schemas.android.com/tools"
5    package="com.unity3d.player" >
6
7    <uses-sdk
8        android:minSdkVersion="21"
8-->src\main\AndroidManifest.xml
9        android:targetSdkVersion="33" />
9-->src\main\AndroidManifest.xml
10
11    <uses-feature android:glEsVersion="0x00030000" />
11-->src\main\AndroidManifest.xml:20:3-52
11-->src\main\AndroidManifest.xml:20:17-49
12    <uses-feature
12-->src\main\AndroidManifest.xml:21:3-91
13        android:name="android.hardware.vulkan.version"
13-->src\main\AndroidManifest.xml:21:17-63
14        android:required="false" />
14-->src\main\AndroidManifest.xml:21:64-88
15
16    <uses-permission android:name="android.permission.INTERNET" />
16-->src\main\AndroidManifest.xml:22:3-65
16-->src\main\AndroidManifest.xml:22:20-62
17
18    <uses-feature
18-->src\main\AndroidManifest.xml:23:3-88
19        android:name="android.hardware.touchscreen"
19-->src\main\AndroidManifest.xml:23:17-60
20        android:required="false" />
20-->src\main\AndroidManifest.xml:23:61-85
21    <uses-feature
21-->src\main\AndroidManifest.xml:24:3-99
22        android:name="android.hardware.touchscreen.multitouch"
22-->src\main\AndroidManifest.xml:24:17-71
23        android:required="false" />
23-->src\main\AndroidManifest.xml:24:72-96
24    <uses-feature
24-->src\main\AndroidManifest.xml:25:3-108
25        android:name="android.hardware.touchscreen.multitouch.distinct"
25-->src\main\AndroidManifest.xml:25:17-80
26        android:required="false" />
26-->src\main\AndroidManifest.xml:25:81-105
27
28    <application>
28-->src\main\AndroidManifest.xml:4:3-19:17
29        <activity
29-->src\main\AndroidManifest.xml:5:5-12:16
30            android:name="com.unity3d.player.UnityPlayerActivity"
30-->src\main\AndroidManifest.xml:5:15-68
31            android:configChanges="mcc|mnc|locale|touchscreen|keyboard|keyboardHidden|navigation|orientation|screenLayout|uiMode|screenSize|smallestScreenSize|fontScale|layoutDirection|density"
31-->src\main\AndroidManifest.xml:5:182-363
32            android:exported="true"
32-->src\main\AndroidManifest.xml:5:435-458
33            android:hardwareAccelerated="false"
33-->src\main\AndroidManifest.xml:5:399-434
34            android:launchMode="singleTask"
34-->src\main\AndroidManifest.xml:5:150-181
35            android:resizeableActivity="false"
35-->src\main\AndroidManifest.xml:5:364-398
36            android:screenOrientation="fullSensor"
36-->src\main\AndroidManifest.xml:5:111-149
37            android:theme="@style/UnityThemeSelector" >
37-->src\main\AndroidManifest.xml:5:69-110
38
39            <!--
40      intent-filter>
41        <action android:name="android.intent.action.MAIN" />
42        <category android:name="android.intent.category.LAUNCHER" />
43      </intent-filter
44            -->
45            <meta-data
45-->src\main\AndroidManifest.xml:10:7-82
46                android:name="unityplayer.UnityActivity"
46-->src\main\AndroidManifest.xml:10:18-58
47                android:value="true" />
47-->src\main\AndroidManifest.xml:10:59-79
48            <meta-data
48-->src\main\AndroidManifest.xml:11:7-78
49                android:name="android.notch_support"
49-->src\main\AndroidManifest.xml:11:18-54
50                android:value="true" />
50-->src\main\AndroidManifest.xml:11:55-75
51        </activity>
52
53        <meta-data
53-->src\main\AndroidManifest.xml:13:5-69
54            android:name="unity.splash-mode"
54-->src\main\AndroidManifest.xml:13:16-48
55            android:value="0" />
55-->src\main\AndroidManifest.xml:13:49-66
56        <meta-data
56-->src\main\AndroidManifest.xml:14:5-74
57            android:name="unity.splash-enable"
57-->src\main\AndroidManifest.xml:14:16-50
58            android:value="True" />
58-->src\main\AndroidManifest.xml:14:51-71
59        <meta-data
59-->src\main\AndroidManifest.xml:15:5-78
60            android:name="unity.launch-fullscreen"
60-->src\main\AndroidManifest.xml:15:16-54
61            android:value="True" />
61-->src\main\AndroidManifest.xml:15:55-75
62        <meta-data
62-->src\main\AndroidManifest.xml:16:5-84
63            android:name="unity.allow-resizable-window"
63-->src\main\AndroidManifest.xml:16:16-59
64            android:value="False" />
64-->src\main\AndroidManifest.xml:16:60-81
65        <meta-data
65-->src\main\AndroidManifest.xml:17:5-81
66            android:name="notch.config"
66-->src\main\AndroidManifest.xml:17:16-43
67            android:value="portrait|landscape" />
67-->src\main\AndroidManifest.xml:17:44-78
68        <meta-data
68-->src\main\AndroidManifest.xml:18:5-101
69            android:name="unity.build-id"
69-->src\main\AndroidManifest.xml:18:16-45
70            android:value="8e6d6a5a-79f5-4903-addc-1ca161a7e417" />
70-->src\main\AndroidManifest.xml:18:46-98
71    </application>
72
73</manifest>